2019-05-08 22:18:09.682 [main] INFO  facebook.LoggerFacebook - Inicializando Facebook
2019-05-08 22:18:09.686 [main] INFO  facebook.LoggerFacebook - Se han cargado las propiedades con exito
2019-05-08 22:18:10.674 [main] INFO  facebook.LoggerFacebook - Se ha creado una nueva instancia de Facebook
2019-05-08 22:18:21.564 [main] INFO  facebook.LoggerFacebook - El usuario ha abandonado la sesion
2019-05-08 22:21:31.665 [main] INFO  facebook.LoggerFacebook - Inicializando Facebook
2019-05-08 22:21:31.674 [main] INFO  facebook.LoggerFacebook - Se han cargado las propiedades con exito
2019-05-08 22:21:32.711 [main] INFO  facebook.LoggerFacebook - Se ha creado una nueva instancia de Facebook
2019-05-08 22:21:34.573 [main] INFO  facebook.LoggerFacebook - El usuario ha abandonado la sesion
2019-05-08 23:00:35.807 [main] INFO  facebook.LoggerFacebook - Inicializando Facebook
2019-05-08 23:00:35.817 [main] INFO  facebook.LoggerFacebook - Se han cargado las propiedades con exito
2019-05-08 23:00:36.818 [main] INFO  facebook.LoggerFacebook - Se ha creado una nueva instancia de Facebook
2019-05-08 23:04:35.710 [main] INFO  facebook.LoggerFacebook - Inicializando Facebook
2019-05-08 23:04:35.716 [main] INFO  facebook.LoggerFacebook - Ha ocurrido un error al intentar cargar el archivo de propiedades java.io.FileNotFoundException: facebook.properties (El sistema no puede encontrar el archivo especificado)
2019-05-08 23:05:00.366 [main] INFO  facebook.LoggerFacebook - Inicializando Facebook
2019-05-08 23:05:00.373 [main] INFO  facebook.LoggerFacebook - Ha ocurrido un error al intentar cargar el archivo de propiedades java.io.FileNotFoundException: \facebook.properties (El sistema no puede encontrar el archivo especificado)
2019-05-08 23:06:55.705 [main] INFO  facebook.LoggerFacebook - Inicializando Facebook
2019-05-08 23:07:15.434 [main] INFO  facebook.LoggerFacebook - Inicializando Facebook
2019-05-08 23:07:15.442 [main] INFO  facebook.LoggerFacebook - Se han cargado las propiedades con exito
2019-05-08 23:07:16.538 [main] INFO  facebook.LoggerFacebook - Se ha creado una nueva instancia de Facebook
2019-05-08 23:07:29.202 [main] INFO  facebook.LoggerFacebook - Inicializando Facebook
2019-05-08 23:07:29.207 [main] INFO  facebook.LoggerFacebook - Se han cargado las propiedades con exito
2019-05-08 23:07:38.417 [main] INFO  facebook.LoggerFacebook - Inicializando Facebook
2019-05-08 23:07:38.426 [main] INFO  facebook.LoggerFacebook - Se han cargado las propiedades con exito
2019-05-08 23:07:41.229 [main] INFO  facebook.LoggerFacebook - Se ha creado una nueva instancia de Facebook
2019-05-08 23:07:42.414 [main] INFO  facebook.LoggerFacebook - Inicializando Facebook
2019-05-08 23:07:42.419 [main] INFO  facebook.LoggerFacebook - Se han cargado las propiedades con exito
2019-05-08 23:07:50.198 [main] INFO  facebook.LoggerFacebook - Inicializando Facebook
2019-05-08 23:07:50.203 [main] INFO  facebook.LoggerFacebook - Se han cargado las propiedades con exito
2019-05-08 23:07:51.235 [main] INFO  facebook.LoggerFacebook - Se ha creado una nueva instancia de Facebook
2019-05-08 23:07:54.570 [main] INFO  facebook.LoggerFacebook - El usuario obtuvo su feed con exito
2019-05-08 23:07:57.289 [main] INFO  facebook.LoggerFacebook - El usuario ha abandonado la sesion
